<?xml version="1.0" encoding="UTF-8"?>
<testng-results skipped="0" failed="0" ignored="0" total="1" passed="1">
  <reporter-output>
  </reporter-output>
  <suite name="com.crm.comcast.orgtest.CreateOrganTest" duration-ms="77" started-at="2022-02-01T12:07:23 IST" finished-at="2022-02-01T12:07:23 IST">
    <groups>
    </groups>
    <test name="Command line test" duration-ms="77" started-at="2022-02-01T12:07:23 IST" finished-at="2022-02-01T12:07:23 IST">
      <class name="com.crm.comcast.orgtest.CreateOrganTest">
        <test-method status="PASS" signature="createorganTest()[pri:0, instance:com.crm.comcast.orgtest.CreateOrganTest@5f9d02cb]" name="createorganTest" duration-ms="8" started-at="2022-02-01T12:07:23 IST" finished-at="2022-02-01T12:07:23 IST">
          <reporter-output>
          </reporter-output>
        </test-method> <!-- createorganTest -->
      </class> <!-- com.crm.comcast.orgtest.CreateOrganTest -->
    </test> <!-- Command line test -->
  </suite> <!-- com.crm.comcast.orgtest.CreateOrganTest -->
</testng-results>
