<?xml version="1.0" encoding="UTF-8"?>
<testng-results ignored="0" total="1" passed="1" failed="0" skipped="0">
  <reporter-output>
  </reporter-output>
  <suite started-at="2022-01-25T19:39:14 IST" name="Default suite" finished-at="2022-01-25T19:39:14 IST" duration-ms="765">
    <groups>
    </groups>
    <test started-at="2022-01-25T19:39:14 IST" name="Default test" finished-at="2022-01-25T19:39:14 IST" duration-ms="765">
      <class name="com.crm.comcast.orgtest.CreateOrganTest">
        <test-method signature="createorganTest()[pri:0, instance:com.crm.comcast.orgtest.CreateOrganTest@6ca8564a]" started-at="2022-01-25T19:39:14 IST" name="createorganTest" finished-at="2022-01-25T19:39:14 IST" duration-ms="113" status="PASS">
          <reporter-output>
          </reporter-output>
        </test-method> <!-- createorganTest -->
      </class> <!-- com.crm.comcast.orgtest.CreateOrganTest -->
    </test> <!-- Default test -->
  </suite> <!-- Default suite -->
</testng-results>
